This is pdfTeX, Version 3.1415926-1.40.10 (TeX Live 2009/Debian) (format=pdflatex 2011.4.5)  11 JAN 2012 10:56
entering extended mode
 %&-line parsing enabled.
**public-health-v02-LPT.tex
(./public-health-v02-LPT.tex
LaTeX2e <2009/09/24>
Babel <v3.8l> and hyphenation patterns for english, usenglishmax, dumylang, noh
yphenation, loaded.
(/usr/share/texmf-texlive/tex/latex/base/article.cls
Document Class: article 2007/10/19 v1.4h Standard LaTeX document class
(/usr/share/texmf-texlive/tex/latex/base/size11.clo
File: size11.clo 2007/10/19 v1.4h Standard LaTeX file (size option)
)
\c@part=\count79
\c@section=\count80
\c@subsection=\count81
\c@subsubsection=\count82
\c@paragraph=\count83
\c@subparagraph=\count84
\c@figure=\count85
\c@table=\count86
\abovecaptionskip=\skip41
\belowcaptionskip=\skip42
\bibindent=\dimen102
)
(/usr/share/texmf-texlive/tex/latex/natbib/natbib.sty
Package: natbib 2009/07/16 8.31 (PWD, AO)
\bibhang=\skip43
\bibsep=\skip44
LaTeX Info: Redefining \cite on input line 694.
\c@NAT@ctr=\count87
)
(/usr/share/texmf-texlive/tex/generic/babel/babel.sty
Package: babel 2008/07/06 v3.8l The Babel package

(/usr/share/texmf-texlive/tex/generic/babel/english.ldf
Language: english 2005/03/30 v3.3o English support from the babel system

(/usr/share/texmf-texlive/tex/generic/babel/babel.def
File: babel.def 2008/07/06 v3.8l Babel common definitions
\babel@savecnt=\count88
\U@D=\dimen103
)
\l@british = a dialect from \language\l@english 
\l@UKenglish = a dialect from \language\l@english 
\l@canadian = a dialect from \language\l@american 
\l@australian = a dialect from \language\l@british 
\l@newzealand = a dialect from \language\l@british 
)) (./largepages.sty
Document Style Option `largepages' -- Released 08 October 1986
) (/usr/share/texmf-texlive/tex/latex/amsfonts/amssymb.sty
Package: amssymb 2009/06/22 v3.00

(/usr/share/texmf-texlive/tex/latex/amsfonts/amsfonts.sty
Package: amsfonts 2009/06/22 v3.00 Basic AMSFonts support
\@emptytoks=\toks14
\symAMSa=\mathgroup4
\symAMSb=\mathgroup5
LaTeX Font Info:    Overwriting math alphabet `\mathfrak' in version `bold'
(Font)                  U/euf/m/n --> U/euf/b/n on input line 96.
))
(/usr/share/texmf-texlive/tex/latex/graphics/graphicx.sty
Package: graphicx 1999/02/16 v1.0f Enhanced LaTeX Graphics (DPC,SPQR)

(/usr/share/texmf-texlive/tex/latex/graphics/keyval.sty
Package: keyval 1999/03/16 v1.13 key=value parser (DPC)
\KV@toks@=\toks15
)
(/usr/share/texmf-texlive/tex/latex/graphics/graphics.sty
Package: graphics 2009/02/05 v1.0o Standard LaTeX Graphics (DPC,SPQR)

(/usr/share/texmf-texlive/tex/latex/graphics/trig.sty
Package: trig 1999/03/16 v1.09 sin cos tan (DPC)
)
(/etc/texmf/tex/latex/config/graphics.cfg
File: graphics.cfg 2009/08/28 v1.8 graphics configuration of TeX Live
)
Package graphics Info: Driver file: pdftex.def on input line 91.

(/usr/share/texmf-texlive/tex/latex/pdftex-def/pdftex.def
File: pdftex.def 2009/08/25 v0.04m Graphics/color for pdfTeX
\Gread@gobject=\count89
))
\Gin@req@height=\dimen104
\Gin@req@width=\dimen105
)
(/usr/share/texmf-texlive/tex/latex/ltxmisc/url.sty
\Urlmuskip=\muskip10
Package: url 2006/04/12  ver 3.3  Verb mode for urls, etc.
)
(/usr/share/texmf-texlive/tex/latex/base/makeidx.sty
Package: makeidx 2000/03/29 v1.0m Standard LaTeX package
)
(/usr/share/texmf-texlive/tex/latex/listings/listings.sty
\lst@mode=\count90
\lst@gtempboxa=\box26
\lst@token=\toks16
\lst@length=\count91
\lst@currlwidth=\dimen106
\lst@column=\count92
\lst@pos=\count93
\lst@lostspace=\dimen107
\lst@width=\dimen108
\lst@newlines=\count94
\lst@lineno=\count95
\lst@maxwidth=\dimen109

(/usr/share/texmf-texlive/tex/latex/listings/lstmisc.sty
File: lstmisc.sty 2007/02/22 1.4 (Carsten Heinz)
\c@lstnumber=\count96
\lst@skipnumbers=\count97
\lst@framebox=\box27
)
(/usr/share/texmf-texlive/tex/latex/listings/listings.cfg
File: listings.cfg 2007/02/22 1.4 listings configuration
))
Package: listings 2007/02/22 1.4 (Carsten Heinz)

(/usr/share/texmf-texlive/tex/latex/base/inputenc.sty
Package: inputenc 2008/03/30 v1.1d Input encoding file
\inpenc@prehook=\toks17
\inpenc@posthook=\toks18

(/usr/share/texmf-texlive/tex/latex/base/latin1.def
File: latin1.def 2008/03/30 v1.1d Input encoding file
))
(/usr/share/texmf-texlive/tex/latex/rotating/rotating.sty
Package: rotating 2009/03/28 v2.16a rotated objects in LaTeX

(/usr/share/texmf-texlive/tex/latex/base/ifthen.sty
Package: ifthen 2001/05/26 v1.1c Standard LaTeX ifthen package (DPC)
)
\c@r@tfl@t=\count98
\rotFPtop=\skip45
\rotFPbot=\skip46
\rot@float@box=\box28
\rot@mess@toks=\toks19
)
\@indexfile=\write3
\openout3 = `public-health-v02-LPT.idx'.


Writing index file public-health-v02-LPT.idx
(./public-health-v02-LPT.aux)
\openout1 = `public-health-v02-LPT.aux'.

LaTeX Font Info:    Checking defaults for OML/cmm/m/it on input line 25.
LaTeX Font Info:    ... okay on input line 25.
LaTeX Font Info:    Checking defaults for T1/cmr/m/n on input line 25.
LaTeX Font Info:    ... okay on input line 25.
LaTeX Font Info:    Checking defaults for OT1/cmr/m/n on input line 25.
LaTeX Font Info:    ... okay on input line 25.
LaTeX Font Info:    Checking defaults for OMS/cmsy/m/n on input line 25.
LaTeX Font Info:    ... okay on input line 25.
LaTeX Font Info:    Checking defaults for OMX/cmex/m/n on input line 25.
LaTeX Font Info:    ... okay on input line 25.
LaTeX Font Info:    Checking defaults for U/cmr/m/n on input line 25.
LaTeX Font Info:    ... okay on input line 25.
 (/usr/share/texmf/tex/context/base/supp-pdf.mkii
[Loading MPS to PDF converter (version 2006.09.02).]
\scratchcounter=\count99
\scratchdimen=\dimen110
\scratchbox=\box29
\nofMPsegments=\count100
\nofMParguments=\count101
\everyMPshowfont=\toks20
\MPscratchCnt=\count102
\MPscratchDim=\dimen111
\MPnumerator=\count103
\everyMPtoPDFconversion=\toks21
)
\c@lstlisting=\count104
LaTeX Font Info:    Try loading font information for U+msa on input line 77.
 (/usr/share/texmf-texlive/tex/latex/amsfonts/umsa.fd
File: umsa.fd 2009/06/22 v3.00 AMS symbols A
)
LaTeX Font Info:    Try loading font information for U+msb on input line 77.

(/usr/share/texmf-texlive/tex/latex/amsfonts/umsb.fd
File: umsb.fd 2009/06/22 v3.00 AMS symbols B
) [1

{/var/lib/texmf/fonts/map/pdftex/updmap/pdftex.map}] (./public-health-v02-LPT.t
oc [2])
\tf@toc=\write4
\openout4 = `public-health-v02-LPT.toc'.

 [3]
<figs/reverseEngineering-v01.png, id=21, 641.92764pt x 534.23117pt>
File: figs/reverseEngineering-v01.png Graphic file (type png)

<use figs/reverseEngineering-v01.png>
<figs/legacyHW-architecture.png, id=22, 3277.65706pt x 1571.51823pt>
File: figs/legacyHW-architecture.png Graphic file (type png)

<use figs/legacyHW-architecture.png> [4] [5 <./figs/reverseEngineering-v01.png 
(PNG copy)> <./figs/legacyHW-architecture.png (PNG copy)>]
<figs/phs-featuremodel-v02.png, id=32, 2416.0853pt x 899.83235pt>
File: figs/phs-featuremodel-v02.png Graphic file (type png)

<use figs/phs-featuremodel-v02.png>
<figs/analysis-v01.png, id=33, 865.82294pt x 470.46353pt>
File: figs/analysis-v01.png Graphic file (type png)

<use figs/analysis-v01.png> [6] [7]

LaTeX Warning: Text page 8 contains only floats.


Overfull \vbox (1.4221pt too high) has occurred while \output is active []


[8 <./figs/phs-featuremodel-v02.png (PNG copy)>] [9 <./figs/analysis-v01.png (P
NG copy)>] [10] <figs/hw-usecase.png, id=52, 1276.77pt x 1047.915pt>
File: figs/hw-usecase.png Graphic file (type png)

<use figs/hw-usecase.png>
Overfull \hbox (40.94397pt too wide) in paragraph at lines 410--411
 [][] 
 []

LaTeX Font Info:    Try loading font information for OMS+cmr on input line 422.

(/usr/share/texmf-texlive/tex/latex/base/omscmr.fd
File: omscmr.fd 1999/05/25 v2.5h Standard LaTeX font definitions
)
LaTeX Font Info:    Font shape `OMS/cmr/m/n' in size <10.95> not available
(Font)              Font shape `OMS/cmsy/m/n' tried instead on input line 422.

Underfull \hbox (badness 10000) in paragraph at lines 443--448

 []

[11] [12 <./figs/hw-usecase.png>] [13]
Underfull \hbox (badness 10000) in paragraph at lines 577--587

 []

[14]
Underfull \hbox (badness 10000) in paragraph at lines 622--627

 []

[15]
Underfull \hbox (badness 10000) in paragraph at lines 660--665

 []

[16]
Overfull \hbox (35.01031pt too wide) in paragraph at lines 706--710
[]\OT1/cmr/m/n/10.95 Suspected prod-ucts in-for-ma-tion: Prod-uct name; La-bel 
strength; man-u-fac-tur-er/la-beler; dose/amount;
 []

[17]
Underfull \hbox (badness 10000) in paragraph at lines 720--725

 []


Underfull \hbox (badness 10000) in paragraph at lines 758--763

 []

[18]
Underfull \hbox (badness 10000) in paragraph at lines 785--794

 []


Underfull \hbox (badness 10000) in paragraph at lines 809--817

 []

[19]
Underfull \hbox (badness 10000) in paragraph at lines 824--828

 []


Underfull \hbox (badness 10000) in paragraph at lines 837--842

 []

[20]
Underfull \hbox (badness 10000) in paragraph at lines 863--865

 []


Underfull \hbox (badness 10000) in paragraph at lines 894--902

 []

[21]
Underfull \hbox (badness 10000) in paragraph at lines 917--925

 []


Underfull \hbox (badness 10000) in paragraph at lines 940--948

 []

[22]
Underfull \hbox (badness 10000) in paragraph at lines 971--979

 []


Underfull \hbox (badness 10000) in paragraph at lines 981--982

 []


Underfull \hbox (badness 10000) in paragraph at lines 986--993

 []

[23]
Underfull \hbox (badness 10000) in paragraph at lines 1000--1006

 []


Underfull \hbox (badness 10000) in paragraph at lines 1021--1029

 []

[24]
Underfull \hbox (badness 10000) in paragraph at lines 1050--1061

 []

[25] [26] [27] [28] [29] [30]
Underfull \hbox (badness 10000) in paragraph at lines 1310--1312

 []

[31] [32] [33]
Overfull \vbox (361.00293pt too high) has occurred while \output is active []


[34] [35] <figs/aofv.png, id=135, 916.42375pt x 357.335pt>
File: figs/aofv.png Graphic file (type png)
 <use figs/aofv.png>
<figs/design-v01.png, id=136, 976.35353pt x 948.01236pt>
File: figs/design-v01.png Graphic file (type png)

<use figs/design-v01.png> [36 <./figs/aofv.png (PNG copy)>] [37 <./figs/design-
v01.png (PNG copy)>] [38]
<figs/phs-farm-step4-v04.png, id=147, 1932.86824pt x 738.28764pt>
File: figs/phs-farm-step4-v04.png Graphic file (type png)

<use figs/phs-farm-step4-v04.png>
<figs/aofv-step4-v03.png, id=148, 1177.57588pt x 566.82353pt>
File: figs/aofv-step4-v03.png Graphic file (type png)

<use figs/aofv-step4-v03.png>
<figs/merge-fm-aofv-v01.png, id=149, 991.94118pt x 667.43471pt>
File: figs/merge-fm-aofv-v01.png Graphic file (type png)

<use figs/merge-fm-aofv-v01.png> [39 <./figs/phs-farm-step4-v04.png (PNG copy)>
] [40 <./figs/aofv-step4-v03.png (PNG copy)> <./figs/merge-fm-aofv-v01.png (PNG
 copy)>] <figs/phc-pla-v01.png, id=156, 940.92706pt x 991.94118pt>
File: figs/phc-pla-v01.png Graphic file (type png)

<use figs/phc-pla-v01.png> [41 <./figs/phc-pla-v01.png (PNG copy)>]
<figs/provisioning.png, id=160, 800.63823pt x 495.97058pt>
File: figs/provisioning.png Graphic file (type png)

<use figs/provisioning.png>
Underfull \vbox (badness 1231) has occurred while \output is active []

 [42 <./figs/provisioning.png (PNG copy)>] [43]
<figs/phs-farm-step1-v03.png, id=171, 2448.67764pt x 899.83235pt>
File: figs/phs-farm-step1-v03.png Graphic file (type png)

<use figs/phs-farm-step1-v03.png>

LaTeX Warning: Float too large for page by 79.88597pt on input line 1976.

<figs/phs-farm-step2-v04.png, id=172, 1925.78294pt x 899.83235pt>
File: figs/phs-farm-step2-v04.png Graphic file (type png)

<use figs/phs-farm-step2-v04.png>
<figs/phs-farm-step3-v04.png, id=173, 1972.54588pt x 738.28764pt>
File: figs/phs-farm-step3-v04.png Graphic file (type png)

<use figs/phs-farm-step3-v04.png>

LaTeX Warning: Float too large for page by 10.5025pt on input line 1994.

File: figs/phs-farm-step4-v04.png Graphic file (type png)
<use figs/phs-farm-step4-v04.png>
(/usr/share/texmf-texlive/tex/latex/listings/lstlang1.sty
File: lstlang1.sty 2004/09/05 1.3 listings language file
)
(/usr/share/texmf-texlive/tex/latex/listings/lstlang1.sty
File: lstlang1.sty 2004/09/05 1.3 listings language file
)
LaTeX Font Info:    Try loading font information for OML+cmr on input line 2025
.

(/usr/share/texmf-texlive/tex/latex/base/omlcmr.fd
File: omlcmr.fd 1999/05/25 v2.5h Standard LaTeX font definitions
)
LaTeX Font Info:    Font shape `OML/cmr/m/n' in size <9> not available
(Font)              Font shape `OML/cmm/m/it' tried instead on input line 2025.

LaTeX Font Info:    Font shape `OMS/cmr/m/n' in size <9> not available
(Font)              Font shape `OMS/cmsy/m/n' tried instead on input line 2025.


Overfull \hbox (35.29668pt too wide) in paragraph at lines 2047--2048
[][][][][][][][][][][][][][][][][][][][][][][][][][][][][][][][][][][][][][][][
][][] 
 []

(./public-health-v02-LPT.bbl
Underfull \hbox (badness 5008) in paragraph at lines 4--7
[]\OT1/cmr/m/n/10.95 Department of Pub-lic Health of Los An-ge-les county.  Ava
il-able from: URL:
 []

[44]
Underfull \hbox (badness 10000) in paragraph at lines 31--34
[]\OT1/cmr/m/n/10.95 HealthWatcher - re-quire-ments align-ment doc-u-ment.  Ava
il-able from: URL:
 []


Underfull \hbox (badness 4819) in paragraph at lines 36--39
[]\OT1/cmr/m/n/10.95 HealthWatcher - Re-quire-ments Doc-u-ment - ver-sion 2.  A
vail-able from: URL:
 []


Underfull \hbox (badness 10000) in paragraph at lines 45--48
[]\OT1/cmr/m/n/10.95 Public Health Com-plaint web-site.  Avail-able from: URL:
 []

[45] [46] [47]
Underfull \hbox (badness 10000) in paragraph at lines 271--276
[]\OT1/cmr/m/n/10.95 Americo Sam-paio.  Anal-y-sis of the Health-Watcher sys-te
m us-ing Viewpoint-
 []


Underfull \hbox (badness 7030) in paragraph at lines 271--276
\OT1/cmr/m/n/10.95 based AORE and the EA-Miner tool - ver-sion 2.  Avail-able f
rom: URL:
 []

) [48] [49 <./figs/phs-farm-step1-v03.png (PNG copy)>] [50 <./figs/phs-farm-ste
p2-v04.png (PNG copy)>] [51 <./figs/phs-farm-step3-v04.png (PNG copy)>]
[52] [53] (./public-health-v02-LPT.aux) ) 
Here is how much of TeX's memory you used:
 4181 strings out of 495061
 55065 string characters out of 1182622
 156350 words of memory out of 3000000
 7291 multiletter control sequences out of 15000+50000
 15537 words of font info for 59 fonts, out of 3000000 for 9000
 28 hyphenation exceptions out of 8191
 32i,11n,49p,411b,1420s stack positions out of 5000i,500n,10000p,200000b,50000s
</usr/share/texmf-texlive/fonts/type1/
public/amsfonts/cm/cmbx10.pfb></usr/share/texmf-texlive/fonts/type1/public/amsf
onts/cm/cmbx12.pfb></usr/share/texmf-texlive/fonts/type1/public/amsfonts/cm/cmb
x9.pfb></usr/share/texmf-texlive/fonts/type1/public/amsfonts/cm/cmex10.pfb></us
r/share/texmf-texlive/fonts/type1/public/amsfonts/cm/cmmi10.pfb></usr/share/tex
mf-texlive/fonts/type1/public/amsfonts/cm/cmmi8.pfb></usr/share/texmf-texlive/f
onts/type1/public/amsfonts/cm/cmmi9.pfb></usr/share/texmf-texlive/fonts/type1/p
ublic/amsfonts/cm/cmr10.pfb></usr/share/texmf-texlive/fonts/type1/public/amsfon
ts/cm/cmr12.pfb></usr/share/texmf-texlive/fonts/type1/public/amsfonts/cm/cmr17.
pfb></usr/share/texmf-texlive/fonts/type1/public/amsfonts/cm/cmr6.pfb></usr/sha
re/texmf-texlive/fonts/type1/public/amsfonts/cm/cmr8.pfb></usr/share/texmf-texl
ive/fonts/type1/public/amsfonts/cm/cmr9.pfb></usr/share/texmf-texlive/fonts/typ
e1/public/amsfonts/cm/cmsl10.pfb></usr/share/texmf-texlive/fonts/type1/public/a
msfonts/cm/cmsy10.pfb></usr/share/texmf-texlive/fonts/type1/public/amsfonts/cm/
cmsy6.pfb></usr/share/texmf-texlive/fonts/type1/public/amsfonts/cm/cmsy8.pfb></
usr/share/texmf-texlive/fonts/type1/public/amsfonts/cm/cmsy9.pfb></usr/share/te
xmf-texlive/fonts/type1/public/amsfonts/cm/cmti10.pfb></usr/share/texmf-texlive
/fonts/type1/public/amsfonts/cm/cmti9.pfb></usr/share/texmf-texlive/fonts/type1
/public/amsfonts/cm/cmtt10.pfb></usr/share/texmf-texlive/fonts/type1/public/ams
fonts/cm/cmtt9.pfb></usr/share/texmf-texlive/fonts/type1/public/amsfonts/symbol
s/msam10.pfb>
Output written on public-health-v02-LPT.pdf (53 pages, 1775019 bytes).
PDF statistics:
 282 PDF objects out of 1000 (max. 8388607)
 0 named destinations out of 1000 (max. 500000)
 76 words of extra memory for PDF output out of 10000 (max. 10000000)

